# JRE version: Java(TM) SE Runtime Environment (8.0_151-b12) (build 1.8.0_151-b12)
# Java VM: Java HotSpot(TM) 64-Bit Server VM (25.151-b12 mixed mode linux-amd64 compressed oops)
Heap:
 PSYoungGen      total 289792K, used 59887K [0x00000000e0000000, 0x00000000f6700000, 0x0000000100000000)
  eden space 229888K, 0% used [0x00000000e0000000,0x00000000e0000000,0x00000000ee080000)
  from space 59904K, 99% used [0x00000000ee080000,0x00000000f1afbec0,0x00000000f1b00000)
  to   space 44544K, 0% used [0x00000000f1b00000,0x00000000f1b00000,0x00000000f4680000)
 ParOldGen       total 150016K, used 91878K [0x00000000a0000000, 0x00000000a9280000, 0x00000000e0000000)
  object space 150016K, 61% used [0x00000000a0000000,0x00000000a59b9838,0x00000000a9280000)
 Metaspace       used 77107K, capacity 80294K, committed 80560K, reserved 1120256K
  class space    used 10030K, capacity 10660K, committed 10672K, reserved 1048576K
GC Heap History (10 events):
Event: 102,612 GC heap after
Heap after GC invocations=21 (full 3):
 PSYoungGen      total 195584K, used 32239K [0x00000000e0000000, 0x00000000ef380000, 0x0000000100000000)
  eden space 163328K, 0% used [0x00000000e0000000,0x00000000e0000000,0x00000000e9f80000)
  from space 32256K, 99% used [0x00000000ec500000,0x00000000ee47bc10,0x00000000ee480000)
  to   space 38400K, 0% used [0x00000000e9f80000,0x00000000e9f80000,0x00000000ec500000)
 ParOldGen       total 150016K, used 42150K [0x00000000a0000000, 0x00000000a9280000, 0x00000000e0000000)
  object space 150016K, 28% used [0x00000000a0000000,0x00000000a2929b20,0x00000000a9280000)
 Metaspace       used 74040K, capacity 76760K, committed 76976K, reserved 1116160K
  class space    used 9774K, capacity 10381K, committed 10416K, reserved 1048576K
}
Event: 103,752 GC heap before
{Heap before GC invocations=22 (full 3):
 PSYoungGen      total 195584K, used 195567K [0x00000000e0000000, 0x00000000ef380000, 0x0000000100000000)
  eden space 163328K, 100% used [0x00000000e0000000,0x00000000e9f80000,0x00000000e9f80000)
  from space 32256K, 99% used [0x00000000ec500000,0x00000000ee47bc10,0x00000000ee480000)
  to   space 38400K, 0% used [0x00000000e9f80000,0x00000000e9f80000,0x00000000ec500000)
 ParOldGen       total 150016K, used 42150K [0x00000000a0000000, 0x00000000a9280000, 0x00000000e0000000)
  object space 150016K, 28% used [0x00000000a0000000,0x00000000a2929b20,0x00000000a9280000)
 Metaspace       used 74365K, capacity 77088K, committed 77232K, reserved 1116160K
  class space    used 9792K, capacity 10381K, committed 10416K, reserved 1048576K
Event: 103,798 GC heap after
Heap after GC invocations=22 (full 3):
 PSYoungGen      total 201728K, used 30843K [0x00000000e0000000, 0x00000000f1200000, 0x0000000100000000)
  eden space 163328K, 0% used [0x00000000e0000000,0x00000000e0000000,0x00000000e9f80000)
  from space 38400K, 80% used [0x00000000e9f80000,0x00000000ebd9efc8,0x00000000ec500000)
  to   space 41472K, 0% used [0x00000000ee980000,0x00000000ee980000,0x00000000f1200000)
 ParOldGen       total 150016K, used 42158K [0x00000000a0000000, 0x00000000a9280000, 0x00000000e0000000)
  object space 150016K, 28% used [0x00000000a0000000,0x00000000a292bb20,0x00000000a9280000)
 Metaspace       used 74365K, capacity 77088K, committed 77232K, reserved 1116160K
  class space    used 9792K, capacity 10381K, committed 10416K, reserved 1048576K
}
Event: 105,113 GC heap before
{Heap before GC invocations=23 (full 3):
 PSYoungGen      total 201728K, used 194171K [0x00000000e0000000, 0x00000000f1200000, 0x0000000100000000)
  eden space 163328K, 100% used [0x00000000e0000000,0x00000000e9f80000,0x00000000e9f80000)
  from space 38400K, 80% used [0x00000000e9f80000,0x00000000ebd9efc8,0x00000000ec500000)
  to   space 41472K, 0% used [0x00000000ee980000,0x00000000ee980000,0x00000000f1200000)
 ParOldGen       total 150016K, used 42158K [0x00000000a0000000, 0x00000000a9280000, 0x00000000e0000000)
  object space 150016K, 28% used [0x00000000a0000000,0x00000000a292bb20,0x00000000a9280000)
 Metaspace       used 75831K, capacity 78880K, committed 79024K, reserved 1118208K
  class space    used 9960K, capacity 10597K, committed 10672K, reserved 1048576K
Event: 105,179 GC heap after
Heap after GC invocations=23 (full 3):
 PSYoungGen      total 236544K, used 31571K [0x00000000e0000000, 0x00000000f1d00000, 0x0000000100000000)
  eden space 195072K, 0% used [0x00000000e0000000,0x00000000e0000000,0x00000000ebe80000)
  from space 41472K, 76% used [0x00000000ee980000,0x00000000f0854d50,0x00000000f1200000)
  to   space 44032K, 0% used [0x00000000ebe80000,0x00000000ebe80000,0x00000000ee980000)
 ParOldGen       total 150016K, used 42166K [0x00000000a0000000, 0x00000000a9280000, 0x00000000e0000000)
  object space 150016K, 28% used [0x00000000a0000000,0x00000000a292db20,0x00000000a9280000)
 Metaspace       used 75831K, capacity 78880K, committed 79024K, reserved 1118208K
  class space    used 9960K, capacity 10597K, committed 10672K, reserved 1048576K
}
Event: 106,068 GC heap before
{Heap before GC invocations=24 (full 3):
 PSYoungGen      total 236544K, used 226643K [0x00000000e0000000, 0x00000000f1d00000, 0x0000000100000000)
  eden space 195072K, 100% used [0x00000000e0000000,0x00000000ebe80000,0x00000000ebe80000)
  from space 41472K, 76% used [0x00000000ee980000,0x00000000f0854d50,0x00000000f1200000)
  to   space 44032K, 0% used [0x00000000ebe80000,0x00000000ebe80000,0x00000000ee980000)
 ParOldGen       total 150016K, used 42166K [0x00000000a0000000, 0x00000000a9280000, 0x00000000e0000000)
  object space 150016K, 28% used [0x00000000a0000000,0x00000000a292db20,0x00000000a9280000)
 Metaspace       used 76051K, capacity 79160K, committed 79280K, reserved 1118208K
  class space    used 9964K, capacity 10597K, committed 10672K, reserved 1048576K
Event: 106,104 GC heap after
Heap after GC invocations=24 (full 3):
 PSYoungGen      total 239104K, used 27198K [0x00000000e0000000, 0x00000000f4680000, 0x0000000100000000)
  eden space 195072K, 0% used [0x00000000e0000000,0x00000000e0000000,0x00000000ebe80000)
  from space 44032K, 61% used [0x00000000ebe80000,0x00000000ed90fa28,0x00000000ee980000)
  to   space 44544K, 0% used [0x00000000f1b00000,0x00000000f1b00000,0x00000000f4680000)
 ParOldGen       total 150016K, used 42174K [0x00000000a0000000, 0x00000000a9280000, 0x00000000e0000000)
  object space 150016K, 28% used [0x00000000a0000000,0x00000000a292fb20,0x00000000a9280000)
 Metaspace       used 76051K, capacity 79160K, committed 79280K, reserved 1118208K
  class space    used 9964K, capacity 10597K, committed 10672K, reserved 1048576K
}
Event: 109,413 GC heap before
{Heap before GC invocations=25 (full 3):
 PSYoungGen      total 239104K, used 222176K [0x00000000e0000000, 0x00000000f4680000, 0x0000000100000000)
  eden space 195072K, 99% used [0x00000000e0000000,0x00000000ebe68998,0x00000000ebe80000)
  from space 44032K, 61% used [0x00000000ebe80000,0x00000000ed90fa28,0x00000000ee980000)
  to   space 44544K, 0% used [0x00000000f1b00000,0x00000000f1b00000,0x00000000f4680000)
 ParOldGen       total 150016K, used 42174K [0x00000000a0000000, 0x00000000a9280000, 0x00000000e0000000)
  object space 150016K, 28% used [0x00000000a0000000,0x00000000a292fb20,0x00000000a9280000)
 Metaspace       used 76920K, capacity 80048K, committed 80304K, reserved 1118208K
  class space    used 10018K, capacity 10649K, committed 10672K, reserved 1048576K
Event: 109,562 GC heap after
Heap after GC invocations=25 (full 3):
 PSYoungGen      total 274432K, used 44540K [0x00000000e0000000, 0x00000000f6700000, 0x0000000100000000)
  eden space 229888K, 0% used [0x00000000e0000000,0x00000000e0000000,0x00000000ee080000)
  from space 44544K, 99% used [0x00000000f1b00000,0x00000000f467f0b8,0x00000000f4680000)
  to   space 59904K, 0% used [0x00000000ee080000,0x00000000ee080000,0x00000000f1b00000)
 ParOldGen       total 150016K, used 66408K [0x00000000a0000000, 0x00000000a9280000, 0x00000000e0000000)
  object space 150016K, 44% used [0x00000000a0000000,0x00000000a40da2c8,0x00000000a9280000)
 Metaspace       used 76920K, capacity 80048K, committed 80304K, reserved 1118208K
  class space    used 10018K, capacity 10649K, committed 10672K, reserved 1048576K
}
Event: 111,722 GC heap before
{Heap before GC invocations=26 (full 3):
 PSYoungGen      total 274432K, used 274428K [0x00000000e0000000, 0x00000000f6700000, 0x0000000100000000)
  eden space 229888K, 100% used [0x00000000e0000000,0x00000000ee080000,0x00000000ee080000)
  from space 44544K, 99% used [0x00000000f1b00000,0x00000000f467f0b8,0x00000000f4680000)
  to   space 59904K, 0% used [0x00000000ee080000,0x00000000ee080000,0x00000000f1b00000)
 ParOldGen       total 150016K, used 66408K [0x00000000a0000000, 0x00000000a9280000, 0x00000000e0000000)
  object space 150016K, 44% used [0x00000000a0000000,0x00000000a40da2c8,0x00000000a9280000)
 Metaspace       used 77107K, capacity 80294K, committed 80560K, reserved 1120256K
  class space    used 10030K, capacity 10660K, committed 10672K, reserved 1048576K

