# JRE version: Java(TM) SE Runtime Environment (8.0_151-b12) (build 1.8.0_151-b12)
# Java VM: Java HotSpot(TM) 64-Bit Server VM (25.151-b12 mixed mode linux-amd64 compressed oops)
Heap:
 PSYoungGen      total 349696K, used 0K [0x00000000e0000000, 0x0000000100000000, 0x0000000100000000)
  eden space 175104K, 0% used [0x00000000e0000000,0x00000000e0000000,0x00000000eab00000)
  from space 174592K, 0% used [0x00000000eab00000,0x00000000eab00000,0x00000000f5580000)
  to   space 174592K, 0% used [0x00000000f5580000,0x00000000f5580000,0x0000000100000000)
 ParOldGen       total 654848K, used 480718K [0x00000000a0000000, 0x00000000c7f80000, 0x00000000e0000000)
  object space 654848K, 73% used [0x00000000a0000000,0x00000000bd573858,0x00000000c7f80000)
 Metaspace       used 96178K, capacity 102356K, committed 103808K, reserved 1140736K
  class space    used 11990K, capacity 13051K, committed 13440K, reserved 1048576K
GC Heap History (10 events):
Event: 8039,223 GC heap after
Heap after GC invocations=68 (full 6):
 PSYoungGen      total 291328K, used 44533K [0x00000000e0000000, 0x0000000100000000, 0x0000000100000000)
  eden space 246784K, 0% used [0x00000000e0000000,0x00000000e0000000,0x00000000ef100000)
  from space 44544K, 99% used [0x00000000fd480000,0x00000000ffffd678,0x0000000100000000)
  to   space 138752K, 0% used [0x00000000ef100000,0x00000000ef100000,0x00000000f7880000)
 ParOldGen       total 473600K, used 471369K [0x00000000a0000000, 0x00000000bce80000, 0x00000000e0000000)
  object space 473600K, 99% used [0x00000000a0000000,0x00000000bcc525b0,0x00000000bce80000)
 Metaspace       used 96305K, capacity 102560K, committed 103808K, reserved 1140736K
  class space    used 12009K, capacity 13085K, committed 13440K, reserved 1048576K
}
Event: 8039,223 GC heap before
{Heap before GC invocations=69 (full 7):
 PSYoungGen      total 291328K, used 44533K [0x00000000e0000000, 0x0000000100000000, 0x0000000100000000)
  eden space 246784K, 0% used [0x00000000e0000000,0x00000000e0000000,0x00000000ef100000)
  from space 44544K, 99% used [0x00000000fd480000,0x00000000ffffd678,0x0000000100000000)
  to   space 138752K, 0% used [0x00000000ef100000,0x00000000ef100000,0x00000000f7880000)
 ParOldGen       total 473600K, used 471369K [0x00000000a0000000, 0x00000000bce80000, 0x00000000e0000000)
  object space 473600K, 99% used [0x00000000a0000000,0x00000000bcc525b0,0x00000000bce80000)
 Metaspace       used 96305K, capacity 102560K, committed 103808K, reserved 1140736K
  class space    used 12009K, capacity 13085K, committed 13440K, reserved 1048576K
Event: 8039,841 GC heap after
Heap after GC invocations=69 (full 7):
 PSYoungGen      total 291328K, used 0K [0x00000000e0000000, 0x0000000100000000, 0x0000000100000000)
  eden space 246784K, 0% used [0x00000000e0000000,0x00000000e0000000,0x00000000ef100000)
  from space 44544K, 0% used [0x00000000fd480000,0x00000000fd480000,0x0000000100000000)
  to   space 138752K, 0% used [0x00000000ef100000,0x00000000ef100000,0x00000000f7880000)
 ParOldGen       total 654848K, used 328265K [0x00000000a0000000, 0x00000000c7f80000, 0x00000000e0000000)
  object space 654848K, 50% used [0x00000000a0000000,0x00000000b40925b0,0x00000000c7f80000)
 Metaspace       used 96178K, capacity 102356K, committed 103808K, reserved 1140736K
  class space    used 11990K, capacity 13051K, committed 13440K, reserved 1048576K
}
Event: 8040,915 GC heap before
{Heap before GC invocations=70 (full 7):
 PSYoungGen      total 291328K, used 245627K [0x00000000e0000000, 0x0000000100000000, 0x0000000100000000)
  eden space 246784K, 99% used [0x00000000e0000000,0x00000000eefdeec8,0x00000000ef100000)
  from space 44544K, 0% used [0x00000000fd480000,0x00000000fd480000,0x0000000100000000)
  to   space 138752K, 0% used [0x00000000ef100000,0x00000000ef100000,0x00000000f7880000)
 ParOldGen       total 654848K, used 328265K [0x00000000a0000000, 0x00000000c7f80000, 0x00000000e0000000)
  object space 654848K, 50% used [0x00000000a0000000,0x00000000b40925b0,0x00000000c7f80000)
 Metaspace       used 96178K, capacity 102356K, committed 103808K, reserved 1140736K
  class space    used 11990K, capacity 13051K, committed 13440K, reserved 1048576K
Event: 8040,981 GC heap after
Heap after GC invocations=70 (full 7):
 PSYoungGen      total 380928K, used 134099K [0x00000000e0000000, 0x0000000100000000, 0x0000000100000000)
  eden space 246784K, 0% used [0x00000000e0000000,0x00000000e0000000,0x00000000ef100000)
  from space 134144K, 99% used [0x00000000ef100000,0x00000000f73f4db8,0x00000000f7400000)
  to   space 143360K, 0% used [0x00000000f7400000,0x00000000f7400000,0x0000000100000000)
 ParOldGen       total 654848K, used 361033K [0x00000000a0000000, 0x00000000c7f80000, 0x00000000e0000000)
  object space 654848K, 55% used [0x00000000a0000000,0x00000000b60925c0,0x00000000c7f80000)
 Metaspace       used 96178K, capacity 102356K, committed 103808K, reserved 1140736K
  class space    used 11990K, capacity 13051K, committed 13440K, reserved 1048576K
}
Event: 8042,159 GC heap before
{Heap before GC invocations=71 (full 7):
 PSYoungGen      total 380928K, used 378258K [0x00000000e0000000, 0x0000000100000000, 0x0000000100000000)
  eden space 246784K, 98% used [0x00000000e0000000,0x00000000eee6fe20,0x00000000ef100000)
  from space 134144K, 99% used [0x00000000ef100000,0x00000000f73f4db8,0x00000000f7400000)
  to   space 143360K, 0% used [0x00000000f7400000,0x00000000f7400000,0x0000000100000000)
 ParOldGen       total 654848K, used 361033K [0x00000000a0000000, 0x00000000c7f80000, 0x00000000e0000000)
  object space 654848K, 55% used [0x00000000a0000000,0x00000000b60925c0,0x00000000c7f80000)
 Metaspace       used 96178K, capacity 102356K, committed 103808K, reserved 1140736K
  class space    used 11990K, capacity 13051K, committed 13440K, reserved 1048576K
Event: 8042,251 GC heap after
Heap after GC invocations=71 (full 7):
 PSYoungGen      total 318464K, used 142291K [0x00000000e0000000, 0x0000000100000000, 0x0000000100000000)
  eden space 175104K, 0% used [0x00000000e0000000,0x00000000e0000000,0x00000000eab00000)
  from space 143360K, 99% used [0x00000000f7400000,0x00000000ffef4dc8,0x0000000100000000)
  to   space 174592K, 0% used [0x00000000eab00000,0x00000000eab00000,0x00000000f5580000)
 ParOldGen       total 654848K, used 452276K [0x00000000a0000000, 0x00000000c7f80000, 0x00000000e0000000)
  object space 654848K, 69% used [0x00000000a0000000,0x00000000bb9ad2b0,0x00000000c7f80000)
 Metaspace       used 96178K, capacity 102356K, committed 103808K, reserved 1140736K
  class space    used 11990K, capacity 13051K, committed 13440K, reserved 1048576K
}
Event: 8043,778 GC heap before
{Heap before GC invocations=72 (full 7):
 PSYoungGen      total 318464K, used 245685K [0x00000000e0000000, 0x0000000100000000, 0x0000000100000000)
  eden space 175104K, 59% used [0x00000000e0000000,0x00000000e64f87a0,0x00000000eab00000)
  from space 143360K, 99% used [0x00000000f7400000,0x00000000ffef4dc8,0x0000000100000000)
  to   space 174592K, 0% used [0x00000000eab00000,0x00000000eab00000,0x00000000f5580000)
 ParOldGen       total 654848K, used 452276K [0x00000000a0000000, 0x00000000c7f80000, 0x00000000e0000000)
  object space 654848K, 69% used [0x00000000a0000000,0x00000000bb9ad2b0,0x00000000c7f80000)
 Metaspace       used 96178K, capacity 102356K, committed 103808K, reserved 1140736K
  class space    used 11990K, capacity 13051K, committed 13440K, reserved 1048576K
Event: 8043,878 GC heap after
Heap after GC invocations=72 (full 7):
 PSYoungGen      total 349696K, used 129984K [0x00000000e0000000, 0x0000000100000000, 0x0000000100000000)
  eden space 175104K, 0% used [0x00000000e0000000,0x00000000e0000000,0x00000000eab00000)
  from space 174592K, 74% used [0x00000000eab00000,0x00000000f29f01b8,0x00000000f5580000)
  to   space 174592K, 0% used [0x00000000f5580000,0x00000000f5580000,0x0000000100000000)
 ParOldGen       total 654848K, used 526518K [0x00000000a0000000, 0x00000000c7f80000, 0x00000000e0000000)
  object space 654848K, 80% used [0x00000000a0000000,0x00000000c022dac0,0x00000000c7f80000)
 Metaspace       used 96178K, capacity 102356K, committed 103808K, reserved 1140736K
  class space    used 11990K, capacity 13051K, committed 13440K, reserved 1048576K
}
Event: 8043,878 GC heap before
{Heap before GC invocations=73 (full 8):
 PSYoungGen      total 349696K, used 129984K [0x00000000e0000000, 0x0000000100000000, 0x0000000100000000)
  eden space 175104K, 0% used [0x00000000e0000000,0x00000000e0000000,0x00000000eab00000)
  from space 174592K, 74% used [0x00000000eab00000,0x00000000f29f01b8,0x00000000f5580000)
  to   space 174592K, 0% used [0x00000000f5580000,0x00000000f5580000,0x0000000100000000)
 ParOldGen       total 654848K, used 526518K [0x00000000a0000000, 0x00000000c7f80000, 0x00000000e0000000)
  object space 654848K, 80% used [0x00000000a0000000,0x00000000c022dac0,0x00000000c7f80000)
 Metaspace       used 96178K, capacity 102356K, committed 103808K, reserved 1140736K
  class space    used 11990K, capacity 13051K, committed 13440K, reserved 1048576K

